<?xml version="1.0" encoding="UTF-8"?>
<testsuite name="com.trs.gradle.HelloWorldTest" tests="1" skipped="0" failures="0" errors="0" timestamp="2015-12-24T06:08:54" hostname="FangXiangMac" time="0.001">
  <properties/>
  <testcase name="testHello" classname="com.trs.gradle.HelloWorldTest" time="0.001"/>
  <system-out><![CDATA[]]></system-out>
  <system-err><![CDATA[]]></system-err>
</testsuite>
